<?xml version="1.0" encoding="UTF-8"?>
<!-- Generated by org.testng.reporters.JUnitReportReporter -->
<testsuite hostname="DESKTOP-BAVI7ES" failures="0" tests="2" name="tests.HomePage" time="43.493" errors="0" timestamp="2021-10-28T00:56:20 PKT" skipped="0">
  <testcase classname="tests.HomePage" name="basePageNaviagation" time="22.593"/>
  <system-out/>
  <testcase classname="tests.HomePage" name="basePageNaviagation" time="20.900"/>
  <system-out/>
</testsuite> <!-- tests.HomePage -->
